<?xml version="1.0" encoding="UTF-8"?>
<!-- Generated by org.testng.reporters.JUnitXMLReporter -->
<testsuite ignored="2" hostname="DESKTOP-K0ONJ7J" failures="0" tests="3" name="Default test" time="23.891" errors="0" timestamp="2025-01-06T13:53:04 IST">
  <testcase classname="TestNGPractice.BaseClass" name="login" time="6.765"/>
  <testcase classname="TestNGPractice.BaseClass" name="login" time="6.597"/>
  <testcase classname="TestNGPractice.BaseClass" name="login" time="6.546"/>
  <testcase classname="TestNGPractice.BaseClass" name="Fail" time="0.0">
    <ignored/>
  </testcase> <!-- Fail -->
  <testcase classname="TestNGPractice.BaseClass" name="Validate_Navigation_HomeScreen" time="0.0">
    <ignored/>
  </testcase> <!-- Validate_Navigation_HomeScreen -->
</testsuite> <!-- Default test -->
