<?xml version="1.0" encoding="UTF-8"?>
<!-- Generated by org.testng.reporters.JUnitXMLReporter -->
<testsuite ignored="0" hostname="DESKTOP-K0ONJ7J" failures="0" tests="3" name="Default test" time="28.415" errors="0" timestamp="2024-10-24T18:02:20 IST">
  <testcase classname="TestNGTrails.DemoDataprovider" name="login" time="4.902"/>
  <testcase classname="TestNGTrails.DemoDataprovider" name="login" time="4.66"/>
  <testcase classname="TestNGTrails.DemoDataprovider" name="login" time="4.667"/>
</testsuite> <!-- Default test -->
