<?xml version="1.0" encoding="UTF-8"?>
<!-- Generated by org.testng.reporters.JUnitXMLReporter -->
<testsuite ignored="2" hostname="DESKTOP-K0ONJ7J" failures="0" tests="3" name="Test" time="29.304" errors="0" timestamp="2025-01-06T14:53:49 IST">
  <testcase classname="TestNGPractice.BaseClass" name="login" time="6.763"/>
  <testcase classname="TestNGPractice.BaseClass" name="login" time="6.441"/>
  <testcase classname="TestNGPractice.BaseClass" name="login" time="6.385"/>
  <testcase classname="TestNGPractice.BaseClass" name="Fail" time="0.0">
    <ignored/>
  </testcase> <!-- Fail -->
  <testcase classname="TestNGPractice.BaseClass" name="Validate_Navigation_HomeScreen" time="0.0">
    <ignored/>
  </testcase> <!-- Validate_Navigation_HomeScreen -->
</testsuite> <!-- Test -->
