<?xml version="1.0" encoding="UTF-8"?>
<!-- Generated by org.testng.reporters.JUnitXMLReporter -->
<testsuite ignored="0" hostname="DESKTOP-K0ONJ7J" failures="2" tests="3" name="Test" time="8.483" errors="0" timestamp="2024-11-25T21:15:32 IST">
  <testcase classname="DemoClass_Listeners.DemoListeners" name="login" time="4.718"/>
  <testcase classname="DemoClass_Listeners.DemoListeners" name="Validate_Navigation_HomeScreen" time="0.048">
    <failure type="java.lang.AssertionError" message="expected [true] but found [false]">
      <![CDATA[java.lang.AssertionError: expected [true] but found [false]
at DemoClass_Listeners.DemoListeners.Validate_Navigation_HomeScreen(DemoListeners.java:42)
at java.base/java.util.ArrayList.forEach(ArrayList.java:1596)
... Removed 29 stack frames]]>
    </failure>
  </testcase> <!-- Validate_Navigation_HomeScreen -->
  <testcase classname="DemoClass_Listeners.DemoListeners" name="Fail" time="0.003">
    <failure type="java.lang.AssertionError" message="expected [true] but found [false]">
      <![CDATA[java.lang.AssertionError: expected [true] but found [false]
at DemoClass_Listeners.DemoListeners.Fail(DemoListeners.java:47)
at java.base/java.util.ArrayList.forEach(ArrayList.java:1596)
... Removed 29 stack frames]]>
    </failure>
  </testcase> <!-- Fail -->
</testsuite> <!-- Test -->
