<?xml version="1.0" encoding="UTF-8"?>
<testng-results ignored="0" total="3" passed="3" failed="0" skipped="0">
  <reporter-output>
  </reporter-output>
  <suite started-at="2024-10-24T18:01:52 IST" name="Default suite" finished-at="2024-10-24T18:02:20 IST" duration-ms="28415">
    <groups>
    </groups>
    <test started-at="2024-10-24T18:01:52 IST" name="Default test" finished-at="2024-10-24T18:02:20 IST" duration-ms="28415">
      <class name="TestNGTrails.DemoDataprovider">
        <test-method is-config="true" signature="Setup()[pri:0, instance:TestNGTrails.DemoDataprovider@1e04fa0a]" started-at="2024-10-24T18:01:52 IST" name="Setup" finished-at="2024-10-24T18:01:56 IST" duration-ms="4558" status="PASS">
          <reporter-output>
          </reporter-output>
        </test-method> <!-- Setup -->
        <test-method signature="login(java.lang.String,java.lang.String)[pri:0, instance:TestNGTrails.DemoDataprovider@1e04fa0a]" started-at="2024-10-24T18:01:56 IST" name="login" data-provider="login" finished-at="2024-10-24T18:02:01 IST" duration-ms="4902" status="PASS">
          <params>
            <param index="0">
              <value>
                <![CDATA[koushik]]>
              </value>
            </param>
            <param index="1">
              <value>
                <![CDATA[Kou@12345]]>
              </value>
            </param>
          </params>
          <reporter-output>
          </reporter-output>
        </test-method> <!-- login -->
        <test-method is-config="true" signature="TearDown()[pri:0, instance:TestNGTrails.DemoDataprovider@1e04fa0a]" started-at="2024-10-24T18:02:01 IST" name="TearDown" finished-at="2024-10-24T18:02:02 IST" duration-ms="384" status="PASS">
          <reporter-output>
          </reporter-output>
        </test-method> <!-- TearDown -->
        <test-method is-config="true" signature="Setup()[pri:0, instance:TestNGTrails.DemoDataprovider@1e04fa0a]" started-at="2024-10-24T18:02:02 IST" name="Setup" finished-at="2024-10-24T18:02:06 IST" duration-ms="4328" status="PASS">
          <reporter-output>
          </reporter-output>
        </test-method> <!-- Setup -->
        <test-method signature="login(java.lang.String,java.lang.String)[pri:0, instance:TestNGTrails.DemoDataprovider@1e04fa0a]" started-at="2024-10-24T18:02:06 IST" name="login" data-provider="login" finished-at="2024-10-24T18:02:11 IST" duration-ms="4660" status="PASS">
          <params>
            <param index="0">
              <value>
                <![CDATA[swathi_salimath]]>
              </value>
            </param>
            <param index="1">
              <value>
                <![CDATA[Swathi@1234]]>
              </value>
            </param>
          </params>
          <reporter-output>
          </reporter-output>
        </test-method> <!-- login -->
        <test-method is-config="true" signature="TearDown()[pri:0, instance:TestNGTrails.DemoDataprovider@1e04fa0a]" started-at="2024-10-24T18:02:11 IST" name="TearDown" finished-at="2024-10-24T18:02:11 IST" duration-ms="302" status="PASS">
          <reporter-output>
          </reporter-output>
        </test-method> <!-- TearDown -->
        <test-method is-config="true" signature="Setup()[pri:0, instance:TestNGTrails.DemoDataprovider@1e04fa0a]" started-at="2024-10-24T18:02:11 IST" name="Setup" finished-at="2024-10-24T18:02:15 IST" duration-ms="4436" status="PASS">
          <reporter-output>
          </reporter-output>
        </test-method> <!-- Setup -->
        <test-method signature="login(java.lang.String,java.lang.String)[pri:0, instance:TestNGTrails.DemoDataprovider@1e04fa0a]" started-at="2024-10-24T18:02:15 IST" name="login" data-provider="login" finished-at="2024-10-24T18:02:20 IST" duration-ms="4667" status="PASS">
          <params>
            <param index="0">
              <value>
                <![CDATA[salimath]]>
              </value>
            </param>
            <param index="1">
              <value>
                <![CDATA[Swathi@1sdf234]]>
              </value>
            </param>
          </params>
          <reporter-output>
          </reporter-output>
        </test-method> <!-- login -->
        <test-method is-config="true" signature="TearDown()[pri:0, instance:TestNGTrails.DemoDataprovider@1e04fa0a]" started-at="2024-10-24T18:02:20 IST" name="TearDown" finished-at="2024-10-24T18:02:20 IST" duration-ms="110" status="PASS">
          <reporter-output>
          </reporter-output>
        </test-method> <!-- TearDown -->
      </class> <!-- TestNGTrails.DemoDataprovider -->
    </test> <!-- Default test -->
  </suite> <!-- Default suite -->
</testng-results>
