<?xml version="1.0" encoding="UTF-8"?>
<testng-results ignored="0" total="1" passed="1" failed="0" skipped="0">
  <reporter-output>
  </reporter-output>
  <suite started-at="2024-10-20T16:32:39 IST" name="Default suite" finished-at="2024-10-20T16:32:48 IST" duration-ms="9535">
    <groups>
    </groups>
    <test started-at="2024-10-20T16:32:39 IST" name="Default test" finished-at="2024-10-20T16:32:48 IST" duration-ms="9535">
      <class name="HeadlessBrowser">
        <test-method signature="Scrolling_Page()[pri:0, instance:HeadlessBrowser@18df8434]" started-at="2024-10-20T16:32:39 IST" name="Scrolling_Page" finished-at="2024-10-20T16:32:48 IST" duration-ms="9473" status="PASS">
          <reporter-output>
          </reporter-output>
        </test-method> <!-- Scrolling_Page -->
      </class> <!-- HeadlessBrowser -->
    </test> <!-- Default test -->
  </suite> <!-- Default suite -->
</testng-results>
